<?xml version="1.0" encoding="UTF-8"?>
<coverage generated="1652083634596" clover="3.2.0">
  <project timestamp="1652083634596" name="All files">
    <metrics statements="3" coveredstatements="3" conditionals="0" coveredconditionals="0" methods="1" coveredmethods="1" elements="4" coveredelements="4" complexity="0" loc="3" ncloc="3" packages="1" files="2" classes="2"/>
    <file name="JestTest.vue" path="C:\development\2-Semester\team3mf\onefeed\src\components\JestTest.vue">
      <metrics statements="2" coveredstatements="2" conditionals="0" coveredconditionals="0" methods="1" coveredmethods="1"/>
      <line num="8" count="1" type="stmt"/>
      <line num="10" count="1" type="stmt"/>
    </file>
    <file name="PostHeader.vue" path="C:\development\2-Semester\team3mf\onefeed\src\components\PostHeader.vue">
      <metrics statements="1" coveredstatements="1" conditionals="0" coveredconditionals="0" methods="0" coveredmethods="0"/>
      <line num="13" count="2" type="stmt"/>
    </file>
  </project>
</coverage>
