{"C:\\development\\2-Semester\\team3mf\\onefeed\\src\\components\\JestTest.vue": {"path":"C:\\development\\2-Semester\\team3mf\\onefeed\\src\\components\\JestTest.vue","statementMap":{"0":{"start":{"line":8,"column":15},"end":{"line":8,"column":null}},"1":{"start":{"line":10,"column":4},"end":{"line":10,"column":11}}},"fnMap":{"0":{"name":"(anonymous_0)","decl":{"start":{"line":9,"column":4},"end":{"line":9,"column":8}},"loc":{"start":{"line":9,"column":11},"end":{"line":13,"column":null}}}},"branchMap":{},"s":{"0":1,"1":1},"f":{"0":1},"b":{}}
,"C:\\development\\2-Semester\\team3mf\\onefeed\\src\\components\\PostHeader.vue": {"path":"C:\\development\\2-Semester\\team3mf\\onefeed\\src\\components\\PostHeader.vue","statementMap":{"0":{"start":{"line":13,"column":15},"end":{"line":13,"column":null}}},"fnMap":{},"branchMap":{},"s":{"0":2},"f":{},"b":{}}
}
